2022-02-20T04:43:38+00:00 INFO REQUEST GET https://public-api.wordpress.com/wpcom/v2/sites/%s/wcpay/accounts?test_mode=0
2022-02-20T04:43:38+00:00 INFO HEADERS: array (
  'Content-Type' => 'application/json; charset=utf-8',
  'User-Agent' => 'WooCommerce Payments/3.6.1',
)
2022-02-20T04:43:40+00:00 INFO RESPONSE: array (
  'account_id' => 'acct_1KN0mD2EExDbvmHH',
  'email' => '(redacted)',
  'live_publishable_key' => 'pk_live_iBIpeqzKOOx2Y8PFCRBfyMU000Q7xVG4Sn',
  'test_publishable_key' => 'pk_test_51ETDmyFuiXB5oUVxwSobQMW5Tno1GclIq7ePZWzLeW4q8oa7Zb8hI5VfwI5sNT5nXuKYinLukNvGCXmsQXAoDGHG00MqHqlYHR',
  'is_live' => true,
  'has_pending_requirements' => false,
  'has_overdue_requirements' => false,
  'current_deadline' => NULL,
  'status' => 'complete',
  'capabilities' => 
  array (
    'bancontact_payments' => 'active',
    'card_payments' => 'active',
    'eps_payments' => 'active',
    'giropay_payments' => 'active',
    'ideal_payments' => 'active',
    'p24_payments' => 'active',
    'sepa_debit_payments' => 'active',
    'sofort_payments' => 'active',
    'tax_reporting_us_1099_k' => 'active',
    'transfers' => 'active',
    'acss_debit_payments' => 'unrequested',
    'afterpay_clearpay_payments' => 'unrequested',
    'klarna' => 'unrequested',
    'link_payments' => 'unrequested',
    'tax_reporting_us_1099_misc' => 'unrequested',
    'us_bank_account_ach_payments' => 'unrequested',
  ),
  'capability_requirements' => 
  array (
    'acss_debit_payments' => 
    array (
    ),
    'afterpay_clearpay_payments' => 
    array (
      0 => 'business_profile.support_phone',
    ),
    'bancontact_payments' => 
    array (
    ),
    'card_payments' => 
    array (
    ),
    'eps_payments' => 
    array (
    ),
    'giropay_payments' => 
    array (
    ),
    'ideal_payments' => 
    array (
    ),
    'klarna' => 
    array (
    ),
    'link_payments' => 
    array (
    ),
    'p24_payments' => 
    array (
    ),
    'sepa_debit_payments' => 
    array (
    ),
    'sofort_payments' => 
    array (
    ),
    'tax_reporting_us_1099_k' => 
    array (
    ),
    'tax_reporting_us_1099_misc' => 
    array (
    ),
    'transfers' => 
    array (
    ),
    'us_bank_account_ach_payments' => 
    array (
    ),
  ),
  'payments_enabled' => true,
  'deposits_status' => 'daily',
  'statement_descriptor' => 'STORE.BLACKBEAR.IO',
  'latest_tos_agreement' => 
  array (
    'date' => '2022-01-28 20:10:35',
    'source' => 'signup',
    'is_current_version' => true,
  ),
  'fees' => 
  array (
    'base' => 
    array (
      'percentage_rate' => 0.029,
      'fixed_rate' => 30,
      'currency' => 'usd',
    ),
    'discount' => 
    array (
    ),
    'bancontact' => 
    array (
      'base' => 
      array (
        'percentage_rate' => 0.014,
        'fixed_rate' => 30,
        'currency' => 'usd',
      ),
      'additional' => 
      array (
        'percentage_rate' => 0.015,
        'fixed_rate' => 0,
        'currency' => 'usd',
      ),
      'fx' => 
      array (
        'percentage_rate' => 0.01,
        'fixed_rate' => 0,
        'currency' => 'usd',
      ),
      'discount' => 
      array (
      ),
    ),
    'card' => 
    array (
      'base' => 
      array (
        'percentage_rate' => 0.029,
        'fixed_rate' => 30,
        'currency' => 'usd',
      ),
      'additional' => 
      array (
        'percentage_rate' => 0.01,
        'fixed_rate' => 0,
        'currency' => 'usd',
      ),
      'fx' => 
      array (
        'percentage_rate' => 0.01,
        'fixed_rate' => 0,
        'currency' => 'usd',
      ),
      'discount' => 
      array (
      ),
    ),
    'card_present' => 
    array (
      'base' => 
      array (
        'percentage_rate' => 0.026,
        'fixed_rate' => 10,
        'currency' => 'usd',
      ),
      'additional' => 
      array (
        'percentage_rate' => 0.01,
        'fixed_rate' => 0,
        'currency' => 'usd',
      ),
      'fx' => 
      array (
        'percentage_rate' => 0.01,
        'fixed_rate' => 0,
        'currency' => 'usd',
      ),
      'discount' => 
      array (
      ),
    ),
    'eps' => 
    array (
      'base' => 
      array (
        'percentage_rate' => 0.018,
        'fixed_rate' => 30,
        'currency' => 'usd',
      ),
      'additional' => 
      array (
        'percentage_rate' => 0.015,
        'fixed_rate' => 0,
        'currency' => 'usd',
      ),
      'fx' => 
      array (
        'percentage_rate' => 0.01,
        'fixed_rate' => 0,
        'currency' => 'usd',
      ),
      'discount' => 
      array (
      ),
    ),
    'ideal' => 
    array (
      'base' => 
      array (
        'percentage_rate' => 0,
        'fixed_rate' => 80,
        'currency' => 'usd',
      ),
      'additional' => 
      array (
        'percentage_rate' => 0.015,
        'fixed_rate' => 0,
        'currency' => 'usd',
      ),
      'fx' => 
      array (
        'percentage_rate' => 0.01,
        'fixed_rate' => 0,
        'currency' => 'usd',
      ),
      'discount' => 
      array (
      ),
    ),
    'giropay' => 
    array (
      'base' => 
      array (
        'percentage_rate' => 0.014,
        'fixed_rate' => 30,
        'currency' => 'usd',
      ),
      'additional' => 
      array (
        'percentage_rate' => 0.015,
        'fixed_rate' => 0,
        'currency' => 'usd',
      ),
      'fx' => 
      array (
        'percentage_rate' => 0.01,
        'fixed_rate' => 0,
        'currency' => 'usd',
      ),
      'discount' => 
      array (
      ),
    ),
    'p24' => 
    array (
      'base' => 
      array (
        'percentage_rate' => 0.022,
        'fixed_rate' => 30,
        'currency' => 'usd',
      ),
      'additional' => 
      array (
        'percentage_rate' => 0.015,
        'fixed_rate' => 0,
        'currency' => 'usd',
      ),
      'fx' => 
      array (
        'percentage_rate' => 0.01,
        'fixed_rate' => 0,
        'currency' => 'usd',
      ),
      'discount' => 
      array (
      ),
    ),
    'sofort' => 
    array (
      'base' => 
      array (
        'percentage_rate' => 0.014,
        'fixed_rate' => 30,
        'currency' => 'usd',
      ),
      'additional' => 
      array (
        'percentage_rate' => 0.015,
        'fixed_rate' => 0,
        'currency' => 'usd',
      ),
      'fx' => 
      array (
        'percentage_rate' => 0.01,
        'fixed_rate' => 0,
        'currency' => 'usd',
      ),
      'discount' => 
      array (
      ),
    ),
    'sepa_debit' => 
    array (
      'base' => 
      array (
        'percentage_rate' => 0.008,
        'fixed_rate' => 30,
        'currency' => 'usd',
        'fee_cap' => 600,
      ),
      'additional' => 
      array (
        'percentage_rate' => 0.015,
        'fixed_rate' => 0,
        'currency' => 'usd',
      ),
      'fx' => 
      array (
        'percentage_rate' => 0.01,
        'fixed_rate' => 0,
        'currency' => 'usd',
      ),
      'discount' => 
      array (
      ),
    ),
  ),
  'capital' => 
  array (
    'has_active_loan' => false,
    'has_previous_loans' => false,
    'loans' => 
    array (
    ),
  ),
  'fraud_services' => 
  array (
    'stripe' => 
    array (
    ),
    'sift' => 
    array (
      'beacon_key' => 'affbdadb36',
      'sandbox_beacon_key' => '6ad0ad748b',
    ),
  ),
  'store_currencies' => 
  array (
    'default' => 'usd',
    'supported' => 
    array (
      0 => 'usd',
    ),
  ),
  'customer_currencies' => 
  array (
    'supported' => 
    array (
      0 => 'usd',
      1 => 'aed',
      2 => 'afn',
      3 => 'all',
      4 => 'amd',
      5 => 'ang',
      6 => 'aoa',
      7 => 'ars',
      8 => 'aud',
      9 => 'awg',
      10 => 'azn',
      11 => 'bam',
      12 => 'bbd',
      13 => 'bdt',
      14 => 'bgn',
      15 => 'bif',
      16 => 'bmd',
      17 => 'bnd',
      18 => 'bob',
      19 => 'brl',
      20 => 'bsd',
      21 => 'bwp',
      22 => 'byn',
      23 => 'bzd',
      24 => 'cad',
      25 => 'cdf',
      26 => 'chf',
      27 => 'clp',
      28 => 'cny',
      29 => 'cop',
      30 => 'crc',
      31 => 'cve',
      32 => 'czk',
      33 => 'djf',
      34 => 'dkk',
      35 => 'dop',
      36 => 'dzd',
      37 => 'egp',
      38 => 'etb',
      39 => 'eur',
      40 => 'fjd',
      41 => 'fkp',
      42 => 'gbp',
      43 => 'gel',
      44 => 'gip',
      45 => 'gmd',
      46 => 'gnf',
      47 => 'gtq',
      48 => 'gyd',
      49 => 'hkd',
      50 => 'hnl',
      51 => 'hrk',
      52 => 'htg',
      53 => 'huf',
      54 => 'idr',
      55 => 'ils',
      56 => 'inr',
      57 => 'isk',
      58 => 'jmd',
      59 => 'jpy',
      60 => 'kes',
      61 => 'kgs',
      62 => 'khr',
      63 => 'kmf',
      64 => 'krw',
      65 => 'kyd',
      66 => 'kzt',
      67 => 'lak',
      68 => 'lbp',
      69 => 'lkr',
      70 => 'lrd',
      71 => 'lsl',
      72 => 'mad',
      73 => 'mdl',
      74 => 'mga',
      75 => 'mkd',
      76 => 'mmk',
      77 => 'mnt',
      78 => 'mop',
      79 => 'mro',
      80 => 'mur',
      81 => 'mvr',
      82 => 'mwk',
      83 => 'mxn',
      84 => 'myr',
      85 => 'mzn',
      86 => 'nad',
      87 => 'ngn',
      88 => 'nio',
      89 => 'nok',
      90 => 'npr',
      91 => 'nzd',
      92 => 'pab',
      93 => 'pen',
      94 => 'pgk',
      95 => 'php',
      96 => 'pkr',
      97 => 'pln',
      98 => 'pyg',
      99 => 'qar',
      100 => 'ron',
      101 => 'rsd',
      102 => 'rub',
      103 => 'rwf',
      104 => 'sar',
      105 => 'sbd',
      106 => 'scr',
      107 => 'sek',
      108 => 'sgd',
      109 => 'shp',
      110 => 'sll',
      111 => 'sos',
      112 => 'srd',
      113 => 'std',
      114 => 'szl',
      115 => 'thb',
      116 => 'tjs',
      117 => 'top',
      118 => 'try',
      119 => 'ttd',
      120 => 'twd',
      121 => 'tzs',
      122 => 'uah',
      123 => 'ugx',
      124 => 'uyu',
      125 => 'uzs',
      126 => 'vnd',
      127 => 'vuv',
      128 => 'wst',
      129 => 'xaf',
      130 => 'xcd',
      131 => 'xof',
      132 => 'xpf',
      133 => 'yer',
      134 => 'zar',
      135 => 'zmw',
    ),
  ),
  'country' => '(redacted)',
  'instant_deposits_eligible' => false,
  'card_present_eligible' => true,
  'business_profile' => 
  array (
    'name' => '(redacted)',
    'url' => 'https://store.blackbear.io',
    'support_address' => 
    array (
    ),
    'support_email' => NULL,
    'support_phone' => NULL,
  ),
  'branding' => 
  array (
    'icon' => NULL,
    'logo' => NULL,
    'primary_color' => NULL,
    'secondary_color' => NULL,
  ),
)
2022-02-20T04:43:40+00:00 INFO REQUEST GET https://public-api.wordpress.com/wpcom/v2/sites/%s/wcpay/currency/rates?test_mode=1&currency_from=USD
2022-02-20T04:43:40+00:00 INFO HEADERS: array (
  'Content-Type' => 'application/json; charset=utf-8',
  'User-Agent' => 'WooCommerce Payments/3.6.1',
)
2022-02-20T04:43:40+00:00 INFO RESPONSE: array (
  'AED' => 3.673,
  'AFN' => 91.9,
  'ALL' => 107.35,
  'AMD' => 478.024746,
  'ANG' => 1.802387,
  'AOA' => 507.551,
  'ARS' => 106.794011,
  'AUD' => 1.393923,
  'AWG' => 1.80025,
  'AZN' => 1.7,
  'BAM' => 1.721416,
  'BBD' => 2,
  'BDT' => 86.099182,
  'BGN' => 1.725052,
  'BHD' => 0.377052,
  'BIF' => 2017,
  'BMD' => 1,
  'BND' => 1.343707,
  'BOB' => 6.885386,
  'BRL' => 5.139,
  'BSD' => 1,
  'BTC' => 2.5E-5,
  'BTN' => 74.67984,
  'BWP' => 11.481746,
  'BYN' => 2.567826,
  'BZD' => 2.015825,
  'CAD' => 1.27565,
  'CDF' => 2015,
  'CHF' => 0.921216,
  'CLF' => 0.029038,
  'CLP' => 801.25,
  'CNH' => 6.3224,
  'CNY' => 6.3253,
  'COP' => 3947.68098,
  'CRC' => 639.821874,
  'CUC' => 1,
  'CUP' => 25.75,
  'CVE' => 97.525,
  'CZK' => 21.43495,
  'DJF' => 177.8,
  'DKK' => 6.57057,
  'DOP' => 56.545,
  'DZD' => 140.588938,
  'EGP' => 15.736549,
  'ERN' => 15.00001,
  'ETB' => 50.65,
  'EUR' => 0.883232,
  'FJD' => 2.135,
  'FKP' => 0.735608,
  'GBP' => 0.735608,
  'GEL' => 2.98,
  'GGP' => 0.735608,
  'GHS' => 6.575,
  'GIP' => 0.735608,
  'GMD' => 53.175,
  'GNF' => 8985,
  'GTQ' => 7.694955,
  'GYD' => 209.231029,
  'HKD' => 7.80051,
  'HNL' => 24.555,
  'HRK' => 6.6554,
  'HTG' => 102.807706,
  'HUF' => 315.24,
  'IDR' => 14366.9,
  'ILS' => 3.20199,
  'IMP' => 0.735608,
  'INR' => 74.6844,
  'IQD' => 1459.5,
  'IRR' => 42250,
  'ISK' => 124.5,
  'JEP' => 0.735608,
  'JMD' => 156.76894,
  'JOD' => 0.709,
  'JPY' => 114.985021,
  'KES' => 113.7,
  'KGS' => 84.802351,
  'KHR' => 4065.5,
  'KMF' => 434.712451,
  'KPW' => 900,
  'KRW' => 1195.73,
  'KWD' => 0.302362,
  'KYD' => 0.833421,
  'KZT' => 428.478258,
  'LAK' => 11372.666667,
  'LBP' => 1512,
  'LKR' => 202.50983,
  'LRD' => 154.000004,
  'LSL' => 15.13,
  'LYD' => 4.59,
  'MAD' => 9.4495,
  'MDL' => 17.823812,
  'MGA' => 3975,
  'MKD' => 54.324203,
  'MMK' => 1778.166573,
  'MNT' => 2865.605582,
  'MOP' => 8.034695,
  'MUR' => 43.852483,
  'MVR' => 15.45,
  'MWK' => 803.5,
  'MXN' => 20.2911,
  'MYR' => 4.186,
  'MZN' => 63.850001,
  'NAD' => 15.13,
  'NGN' => 415.87,
  'NIO' => 35.46,
  'NOK' => 8.9815,
  'NPR' => 119.484609,
  'NZD' => 1.492203,
  'OMR' => 0.384983,
  'PAB' => 1,
  'PEN' => 3.75,
  'PGK' => 3.515,
  'PHP' => 51.44,
  'PKR' => 175.35,
  'PLN' => 4.000578,
  'PYG' => 6936.744744,
  'QAR' => 3.641,
  'RON' => 4.3664,
  'RSD' => 103.850987,
  'RUB' => 77.435,
  'RWF' => 1019,
  'SAR' => 3.752366,
  'SBD' => 8.080873,
  'SCR' => 14.497375,
  'SDG' => 444.5,
  'SEK' => 9.39498,
  'SGD' => 1.345865,
  'SHP' => 0.735608,
  'SLL' => 11460.001835,
  'SOS' => 584,
  'SRD' => 20.606,
  'SSP' => 130.26,
  'STD' => 21146.190504,
  'SVC' => 8.751408,
  'SYP' => 2512,
  'SZL' => 15.12,
  'THB' => 32.15672,
  'TJS' => 11.290663,
  'TMT' => 3.51,
  'TND' => 2.887,
  'TOP' => 2.254145,
  'TRY' => 13.65,
  'TTD' => 6.78554,
  'TWD' => 27.854998,
  'TZS' => 2315,
  'UAH' => 28.33727,
  'UGX' => 3510.149725,
  'USD' => 1,
  'UYU' => 43.072146,
  'UZS' => 10845,
  'VND' => 22830,
  'VUV' => 113.920207,
  'WST' => 2.622912,
  'XAF' => 579.362405,
  'XAG' => 0.041771,
  'XAU' => 0.000527,
  'XCD' => 2.70255,
  'XDR' => 0.712257,
  'XOF' => 579.362405,
  'XPD' => 0.000426,
  'XPF' => 105.397648,
  'XPT' => 0.000936,
  'YER' => 250.249937,
  'ZAR' => 15.1165,
  'ZMW' => 17.425978,
  'ZWL' => 322,
)
2022-02-20T04:43:40+00:00 DEBUG Saved currencies fetched from the server to the cache. Expiry: 2022-02-20 10:43:40
