2022-03-19T16:19:32+00:00 INFO REQUEST GET https://public-api.wordpress.com/wpcom/v2/sites/%s/wcpay/accounts?test_mode=0
2022-03-19T16:19:32+00:00 INFO HEADERS: array (
  'Content-Type' => 'application/json; charset=utf-8',
  'User-Agent' => 'WooCommerce Payments/3.6.1',
)
2022-03-19T16:19:34+00:00 INFO RESPONSE: array (
  'account_id' => 'acct_1KN0mD2EExDbvmHH',
  'email' => '(redacted)',
  'live_publishable_key' => 'pk_live_iBIpeqzKOOx2Y8PFCRBfyMU000Q7xVG4Sn',
  'test_publishable_key' => 'pk_test_51ETDmyFuiXB5oUVxwSobQMW5Tno1GclIq7ePZWzLeW4q8oa7Zb8hI5VfwI5sNT5nXuKYinLukNvGCXmsQXAoDGHG00MqHqlYHR',
  'is_live' => true,
  'has_pending_requirements' => false,
  'has_overdue_requirements' => false,
  'current_deadline' => NULL,
  'status' => 'complete',
  'capabilities' => 
  array (
    'bancontact_payments' => 'active',
    'card_payments' => 'active',
    'eps_payments' => 'active',
    'giropay_payments' => 'active',
    'ideal_payments' => 'active',
    'p24_payments' => 'active',
    'sepa_debit_payments' => 'active',
    'sofort_payments' => 'active',
    'tax_reporting_us_1099_k' => 'active',
    'transfers' => 'active',
    'acss_debit_payments' => 'unrequested',
    'afterpay_clearpay_payments' => 'unrequested',
    'klarna' => 'unrequested',
    'link_payments' => 'unrequested',
    'tax_reporting_us_1099_misc' => 'unrequested',
    'us_bank_account_ach_payments' => 'unrequested',
  ),
  'capability_requirements' => 
  array (
    'acss_debit_payments' => 
    array (
    ),
    'afterpay_clearpay_payments' => 
    array (
      0 => 'business_profile.support_phone',
    ),
    'bancontact_payments' => 
    array (
    ),
    'card_payments' => 
    array (
    ),
    'eps_payments' => 
    array (
    ),
    'giropay_payments' => 
    array (
    ),
    'ideal_payments' => 
    array (
    ),
    'klarna' => 
    array (
    ),
    'link_payments' => 
    array (
    ),
    'p24_payments' => 
    array (
    ),
    'sepa_debit_payments' => 
    array (
    ),
    'sofort_payments' => 
    array (
    ),
    'tax_reporting_us_1099_k' => 
    array (
    ),
    'tax_reporting_us_1099_misc' => 
    array (
    ),
    'transfers' => 
    array (
    ),
    'us_bank_account_ach_payments' => 
    array (
    ),
  ),
  'payments_enabled' => true,
  'deposits_status' => 'daily',
  'statement_descriptor' => 'STORE.BLACKBEAR.IO',
  'latest_tos_agreement' => 
  array (
    'date' => '2022-01-28 20:10:35',
    'source' => 'signup',
    'is_current_version' => true,
  ),
  'fees' => 
  array (
    'base' => 
    array (
      'percentage_rate' => 0.029,
      'fixed_rate' => 30,
      'currency' => 'usd',
    ),
    'discount' => 
    array (
    ),
    'bancontact' => 
    array (
      'base' => 
      array (
        'percentage_rate' => 0.014,
        'fixed_rate' => 30,
        'currency' => 'usd',
      ),
      'additional' => 
      array (
        'percentage_rate' => 0.015,
        'fixed_rate' => 0,
        'currency' => 'usd',
      ),
      'fx' => 
      array (
        'percentage_rate' => 0.01,
        'fixed_rate' => 0,
        'currency' => 'usd',
      ),
      'discount' => 
      array (
      ),
    ),
    'card' => 
    array (
      'base' => 
      array (
        'percentage_rate' => 0.029,
        'fixed_rate' => 30,
        'currency' => 'usd',
      ),
      'additional' => 
      array (
        'percentage_rate' => 0.01,
        'fixed_rate' => 0,
        'currency' => 'usd',
      ),
      'fx' => 
      array (
        'percentage_rate' => 0.01,
        'fixed_rate' => 0,
        'currency' => 'usd',
      ),
      'discount' => 
      array (
      ),
    ),
    'card_present' => 
    array (
      'base' => 
      array (
        'percentage_rate' => 0.026,
        'fixed_rate' => 10,
        'currency' => 'usd',
      ),
      'additional' => 
      array (
        'percentage_rate' => 0.01,
        'fixed_rate' => 0,
        'currency' => 'usd',
      ),
      'fx' => 
      array (
        'percentage_rate' => 0.01,
        'fixed_rate' => 0,
        'currency' => 'usd',
      ),
      'discount' => 
      array (
      ),
    ),
    'eps' => 
    array (
      'base' => 
      array (
        'percentage_rate' => 0.018,
        'fixed_rate' => 30,
        'currency' => 'usd',
      ),
      'additional' => 
      array (
        'percentage_rate' => 0.015,
        'fixed_rate' => 0,
        'currency' => 'usd',
      ),
      'fx' => 
      array (
        'percentage_rate' => 0.01,
        'fixed_rate' => 0,
        'currency' => 'usd',
      ),
      'discount' => 
      array (
      ),
    ),
    'ideal' => 
    array (
      'base' => 
      array (
        'percentage_rate' => 0,
        'fixed_rate' => 80,
        'currency' => 'usd',
      ),
      'additional' => 
      array (
        'percentage_rate' => 0.015,
        'fixed_rate' => 0,
        'currency' => 'usd',
      ),
      'fx' => 
      array (
        'percentage_rate' => 0.01,
        'fixed_rate' => 0,
        'currency' => 'usd',
      ),
      'discount' => 
      array (
      ),
    ),
    'giropay' => 
    array (
      'base' => 
      array (
        'percentage_rate' => 0.014,
        'fixed_rate' => 30,
        'currency' => 'usd',
      ),
      'additional' => 
      array (
        'percentage_rate' => 0.015,
        'fixed_rate' => 0,
        'currency' => 'usd',
      ),
      'fx' => 
      array (
        'percentage_rate' => 0.01,
        'fixed_rate' => 0,
        'currency' => 'usd',
      ),
      'discount' => 
      array (
      ),
    ),
    'p24' => 
    array (
      'base' => 
      array (
        'percentage_rate' => 0.022,
        'fixed_rate' => 30,
        'currency' => 'usd',
      ),
      'additional' => 
      array (
        'percentage_rate' => 0.015,
        'fixed_rate' => 0,
        'currency' => 'usd',
      ),
      'fx' => 
      array (
        'percentage_rate' => 0.01,
        'fixed_rate' => 0,
        'currency' => 'usd',
      ),
      'discount' => 
      array (
      ),
    ),
    'sofort' => 
    array (
      'base' => 
      array (
        'percentage_rate' => 0.014,
        'fixed_rate' => 30,
        'currency' => 'usd',
      ),
      'additional' => 
      array (
        'percentage_rate' => 0.015,
        'fixed_rate' => 0,
        'currency' => 'usd',
      ),
      'fx' => 
      array (
        'percentage_rate' => 0.01,
        'fixed_rate' => 0,
        'currency' => 'usd',
      ),
      'discount' => 
      array (
      ),
    ),
    'sepa_debit' => 
    array (
      'base' => 
      array (
        'percentage_rate' => 0.008,
        'fixed_rate' => 30,
        'currency' => 'usd',
        'fee_cap' => 600,
      ),
      'additional' => 
      array (
        'percentage_rate' => 0.015,
        'fixed_rate' => 0,
        'currency' => 'usd',
      ),
      'fx' => 
      array (
        'percentage_rate' => 0.01,
        'fixed_rate' => 0,
        'currency' => 'usd',
      ),
      'discount' => 
      array (
      ),
    ),
  ),
  'capital' => 
  array (
    'has_active_loan' => false,
    'has_previous_loans' => false,
    'loans' => 
    array (
    ),
  ),
  'fraud_services' => 
  array (
    'stripe' => 
    array (
    ),
    'sift' => 
    array (
      'beacon_key' => 'affbdadb36',
      'sandbox_beacon_key' => '6ad0ad748b',
    ),
  ),
  'store_currencies' => 
  array (
    'default' => 'usd',
    'supported' => 
    array (
      0 => 'usd',
    ),
  ),
  'customer_currencies' => 
  array (
    'supported' => 
    array (
      0 => 'usd',
      1 => 'aed',
      2 => 'afn',
      3 => 'all',
      4 => 'amd',
      5 => 'ang',
      6 => 'aoa',
      7 => 'ars',
      8 => 'aud',
      9 => 'awg',
      10 => 'azn',
      11 => 'bam',
      12 => 'bbd',
      13 => 'bdt',
      14 => 'bgn',
      15 => 'bif',
      16 => 'bmd',
      17 => 'bnd',
      18 => 'bob',
      19 => 'brl',
      20 => 'bsd',
      21 => 'bwp',
      22 => 'byn',
      23 => 'bzd',
      24 => 'cad',
      25 => 'cdf',
      26 => 'chf',
      27 => 'clp',
      28 => 'cny',
      29 => 'cop',
      30 => 'crc',
      31 => 'cve',
      32 => 'czk',
      33 => 'djf',
      34 => 'dkk',
      35 => 'dop',
      36 => 'dzd',
      37 => 'egp',
      38 => 'etb',
      39 => 'eur',
      40 => 'fjd',
      41 => 'fkp',
      42 => 'gbp',
      43 => 'gel',
      44 => 'gip',
      45 => 'gmd',
      46 => 'gnf',
      47 => 'gtq',
      48 => 'gyd',
      49 => 'hkd',
      50 => 'hnl',
      51 => 'hrk',
      52 => 'htg',
      53 => 'huf',
      54 => 'idr',
      55 => 'ils',
      56 => 'inr',
      57 => 'isk',
      58 => 'jmd',
      59 => 'jpy',
      60 => 'kes',
      61 => 'kgs',
      62 => 'khr',
      63 => 'kmf',
      64 => 'krw',
      65 => 'kyd',
      66 => 'kzt',
      67 => 'lak',
      68 => 'lbp',
      69 => 'lkr',
      70 => 'lrd',
      71 => 'lsl',
      72 => 'mad',
      73 => 'mdl',
      74 => 'mga',
      75 => 'mkd',
      76 => 'mmk',
      77 => 'mnt',
      78 => 'mop',
      79 => 'mro',
      80 => 'mur',
      81 => 'mvr',
      82 => 'mwk',
      83 => 'mxn',
      84 => 'myr',
      85 => 'mzn',
      86 => 'nad',
      87 => 'ngn',
      88 => 'nio',
      89 => 'nok',
      90 => 'npr',
      91 => 'nzd',
      92 => 'pab',
      93 => 'pen',
      94 => 'pgk',
      95 => 'php',
      96 => 'pkr',
      97 => 'pln',
      98 => 'pyg',
      99 => 'qar',
      100 => 'ron',
      101 => 'rsd',
      102 => 'rub',
      103 => 'rwf',
      104 => 'sar',
      105 => 'sbd',
      106 => 'scr',
      107 => 'sek',
      108 => 'sgd',
      109 => 'shp',
      110 => 'sll',
      111 => 'sos',
      112 => 'srd',
      113 => 'std',
      114 => 'szl',
      115 => 'thb',
      116 => 'tjs',
      117 => 'top',
      118 => 'try',
      119 => 'ttd',
      120 => 'twd',
      121 => 'tzs',
      122 => 'uah',
      123 => 'ugx',
      124 => 'uyu',
      125 => 'uzs',
      126 => 'vnd',
      127 => 'vuv',
      128 => 'wst',
      129 => 'xaf',
      130 => 'xcd',
      131 => 'xof',
      132 => 'xpf',
      133 => 'yer',
      134 => 'zar',
      135 => 'zmw',
    ),
  ),
  'country' => '(redacted)',
  'instant_deposits_eligible' => false,
  'card_present_eligible' => true,
  'business_profile' => 
  array (
    'name' => '(redacted)',
    'url' => 'https://store.blackbear.io',
    'support_address' => 
    array (
    ),
    'support_email' => NULL,
    'support_phone' => NULL,
  ),
  'branding' => 
  array (
    'icon' => NULL,
    'logo' => NULL,
    'primary_color' => NULL,
    'secondary_color' => NULL,
  ),
  'has_more_failed_events' => false,
)
2022-03-19T18:03:48+00:00 INFO REQUEST GET https://public-api.wordpress.com/wpcom/v2/sites/%s/wcpay/currency/rates?test_mode=1&currency_from=USD
2022-03-19T18:03:48+00:00 INFO HEADERS: array (
  'Content-Type' => 'application/json; charset=utf-8',
  'User-Agent' => 'WooCommerce Payments/3.6.1',
)
2022-03-19T18:03:48+00:00 INFO RESPONSE: array (
  'AED' => 3.673,
  'AFN' => 89,
  'ALL' => 111.55,
  'AMD' => 487.380744,
  'ANG' => 1.801651,
  'AOA' => 455.9945,
  'ARS' => 109.536361,
  'AUD' => 1.346803,
  'AWG' => 1.80025,
  'AZN' => 1.7,
  'BAM' => 1.763956,
  'BBD' => 2,
  'BDT' => 86.2426,
  'BGN' => 1.771859,
  'BHD' => 0.376768,
  'BIF' => 2011,
  'BMD' => 1,
  'BND' => 1.350379,
  'BOB' => 6.872908,
  'BRL' => 5.02375,
  'BSD' => 1,
  'BTC' => 2.4E-5,
  'BTN' => 76.084792,
  'BWP' => 11.577195,
  'BYN' => 3.272696,
  'BZD' => 2.009055,
  'CAD' => 1.260505,
  'CDF' => 2012,
  'CHF' => 0.932099,
  'CLF' => 0.02912,
  'CLP' => 803.51,
  'CNH' => 6.36364,
  'CNY' => 6.3612,
  'COP' => 3808.10133,
  'CRC' => 641.726437,
  'CUC' => 1,
  'CUP' => 25.75,
  'CVE' => 100.125,
  'CZK' => 22.5005,
  'DJF' => 177.438234,
  'DKK' => 6.73495,
  'DOP' => 54.95,
  'DZD' => 142.48778,
  'EGP' => 15.69977,
  'ERN' => 15.000003,
  'ETB' => 50.9,
  'EUR' => 0.903734,
  'FJD' => 2.108,
  'FKP' => 0.758668,
  'GBP' => 0.758668,
  'GEL' => 3.205,
  'GGP' => 0.758668,
  'GHS' => 7.25,
  'GIP' => 0.758668,
  'GMD' => 53.25,
  'GNF' => 8910,
  'GTQ' => 7.702591,
  'GYD' => 209.153018,
  'HKD' => 7.82495,
  'HNL' => 24.38,
  'HRK' => 6.8496,
  'HTG' => 105.432684,
  'HUF' => 339.6,
  'IDR' => 14342.35,
  'ILS' => 3.24507,
  'IMP' => 0.758668,
  'INR' => 75.946658,
  'IQD' => 1460.5,
  'IRR' => 42275,
  'ISK' => 128.96,
  'JEP' => 0.758668,
  'JMD' => 152.952573,
  'JOD' => 0.709,
  'JPY' => 119.215017,
  'KES' => 114.4,
  'KGS' => 98.825502,
  'KHR' => 4032,
  'KMF' => 448.250019,
  'KPW' => 900,
  'KRW' => 1211.37,
  'KWD' => 0.303602,
  'KYD' => 0.833129,
  'KZT' => 508.604633,
  'LAK' => 11515,
  'LBP' => 1513,
  'LKR' => 263.627146,
  'LRD' => 153.45001,
  'LSL' => 14.977916,
  'LYD' => 4.645,
  'MAD' => 9.769,
  'MDL' => 18.450275,
  'MGA' => 4031.676713,
  'MKD' => 55.877924,
  'MMK' => 1772.281286,
  'MNT' => 2882.096396,
  'MOP' => 8.025848,
  'MUR' => 44.279998,
  'MVR' => 15.45,
  'MWK' => 813.103505,
  'MXN' => 20.3625,
  'MYR' => 4.1938,
  'MZN' => 63.860006,
  'NAD' => 15.01,
  'NGN' => 415.92,
  'NIO' => 35.73,
  'NOK' => 8.745595,
  'NPR' => 121.290403,
  'NZD' => 1.447284,
  'OMR' => 0.384971,
  'PAB' => 1,
  'PEN' => 3.7325,
  'PGK' => 3.515,
  'PHP' => 52.349499,
  'PKR' => 179.181648,
  'PLN' => 4.26697,
  'PYG' => 6966.643744,
  'QAR' => 3.641,
  'RON' => 4.4765,
  'RSD' => 106.47,
  'RUB' => 107.500088,
  'RWF' => 1022,
  'SAR' => 3.753937,
  'SBD' => 8.045099,
  'SCR' => 14.408136,
  'SDG' => 447.5,
  'SEK' => 9.40717,
  'SGD' => 1.3562,
  'SHP' => 0.758668,
  'SLL' => 11530.15017,
  'SOS' => 585,
  'SRD' => 20.6325,
  'SSP' => 130.26,
  'STD' => 21382.190504,
  'SVC' => 8.722199,
  'SYP' => 2512,
  'SZL' => 14.978369,
  'THB' => 33.246624,
  'TJS' => 13.000848,
  'TMT' => 3.5,
  'TND' => 2.9495,
  'TOP' => 2.260773,
  'TRY' => 14.8091,
  'TTD' => 6.783392,
  'TWD' => 28.371,
  'TZS' => 2318,
  'UAH' => 29.510994,
  'UGX' => 3570.735428,
  'USD' => 1,
  'UYU' => 42.523033,
  'UZS' => 11293.062218,
  'VND' => 22864.982578,
  'VUV' => 114.190802,
  'WST' => 2.623663,
  'XAF' => 592.810552,
  'XAG' => 0.040118,
  'XAU' => 0.00052,
  'XCD' => 2.70255,
  'XDR' => 0.717262,
  'XOF' => 592.810552,
  'XPD' => 0.000401,
  'XPF' => 107.844136,
  'XPT' => 0.000973,
  'YER' => 250.249937,
  'ZAR' => 14.90705,
  'ZMW' => 17.691427,
  'ZWL' => 322,
)
2022-03-19T18:03:48+00:00 DEBUG Saved currencies fetched from the server to the cache. Expiry: 2022-03-20 00:03:48
2022-03-19T18:19:42+00:00 INFO REQUEST GET https://public-api.wordpress.com/wpcom/v2/sites/%s/wcpay/accounts?test_mode=0
2022-03-19T18:19:42+00:00 INFO HEADERS: array (
  'Content-Type' => 'application/json; charset=utf-8',
  'User-Agent' => 'WooCommerce Payments/3.6.1',
)
2022-03-19T18:19:44+00:00 INFO RESPONSE: array (
  'account_id' => 'acct_1KN0mD2EExDbvmHH',
  'email' => '(redacted)',
  'live_publishable_key' => 'pk_live_iBIpeqzKOOx2Y8PFCRBfyMU000Q7xVG4Sn',
  'test_publishable_key' => 'pk_test_51ETDmyFuiXB5oUVxwSobQMW5Tno1GclIq7ePZWzLeW4q8oa7Zb8hI5VfwI5sNT5nXuKYinLukNvGCXmsQXAoDGHG00MqHqlYHR',
  'is_live' => true,
  'has_pending_requirements' => false,
  'has_overdue_requirements' => false,
  'current_deadline' => NULL,
  'status' => 'complete',
  'capabilities' => 
  array (
    'bancontact_payments' => 'active',
    'card_payments' => 'active',
    'eps_payments' => 'active',
    'giropay_payments' => 'active',
    'ideal_payments' => 'active',
    'p24_payments' => 'active',
    'sepa_debit_payments' => 'active',
    'sofort_payments' => 'active',
    'tax_reporting_us_1099_k' => 'active',
    'transfers' => 'active',
    'acss_debit_payments' => 'unrequested',
    'afterpay_clearpay_payments' => 'unrequested',
    'klarna' => 'unrequested',
    'link_payments' => 'unrequested',
    'tax_reporting_us_1099_misc' => 'unrequested',
    'us_bank_account_ach_payments' => 'unrequested',
  ),
  'capability_requirements' => 
  array (
    'acss_debit_payments' => 
    array (
    ),
    'afterpay_clearpay_payments' => 
    array (
      0 => 'business_profile.support_phone',
    ),
    'bancontact_payments' => 
    array (
    ),
    'card_payments' => 
    array (
    ),
    'eps_payments' => 
    array (
    ),
    'giropay_payments' => 
    array (
    ),
    'ideal_payments' => 
    array (
    ),
    'klarna' => 
    array (
    ),
    'link_payments' => 
    array (
    ),
    'p24_payments' => 
    array (
    ),
    'sepa_debit_payments' => 
    array (
    ),
    'sofort_payments' => 
    array (
    ),
    'tax_reporting_us_1099_k' => 
    array (
    ),
    'tax_reporting_us_1099_misc' => 
    array (
    ),
    'transfers' => 
    array (
    ),
    'us_bank_account_ach_payments' => 
    array (
    ),
  ),
  'payments_enabled' => true,
  'deposits_status' => 'daily',
  'statement_descriptor' => 'STORE.BLACKBEAR.IO',
  'latest_tos_agreement' => 
  array (
    'date' => '2022-01-28 20:10:35',
    'source' => 'signup',
    'is_current_version' => true,
  ),
  'fees' => 
  array (
    'base' => 
    array (
      'percentage_rate' => 0.029,
      'fixed_rate' => 30,
      'currency' => 'usd',
    ),
    'discount' => 
    array (
    ),
    'bancontact' => 
    array (
      'base' => 
      array (
        'percentage_rate' => 0.014,
        'fixed_rate' => 30,
        'currency' => 'usd',
      ),
      'additional' => 
      array (
        'percentage_rate' => 0.015,
        'fixed_rate' => 0,
        'currency' => 'usd',
      ),
      'fx' => 
      array (
        'percentage_rate' => 0.01,
        'fixed_rate' => 0,
        'currency' => 'usd',
      ),
      'discount' => 
      array (
      ),
    ),
    'card' => 
    array (
      'base' => 
      array (
        'percentage_rate' => 0.029,
        'fixed_rate' => 30,
        'currency' => 'usd',
      ),
      'additional' => 
      array (
        'percentage_rate' => 0.01,
        'fixed_rate' => 0,
        'currency' => 'usd',
      ),
      'fx' => 
      array (
        'percentage_rate' => 0.01,
        'fixed_rate' => 0,
        'currency' => 'usd',
      ),
      'discount' => 
      array (
      ),
    ),
    'card_present' => 
    array (
      'base' => 
      array (
        'percentage_rate' => 0.026,
        'fixed_rate' => 10,
        'currency' => 'usd',
      ),
      'additional' => 
      array (
        'percentage_rate' => 0.01,
        'fixed_rate' => 0,
        'currency' => 'usd',
      ),
      'fx' => 
      array (
        'percentage_rate' => 0.01,
        'fixed_rate' => 0,
        'currency' => 'usd',
      ),
      'discount' => 
      array (
      ),
    ),
    'eps' => 
    array (
      'base' => 
      array (
        'percentage_rate' => 0.018,
        'fixed_rate' => 30,
        'currency' => 'usd',
      ),
      'additional' => 
      array (
        'percentage_rate' => 0.015,
        'fixed_rate' => 0,
        'currency' => 'usd',
      ),
      'fx' => 
      array (
        'percentage_rate' => 0.01,
        'fixed_rate' => 0,
        'currency' => 'usd',
      ),
      'discount' => 
      array (
      ),
    ),
    'ideal' => 
    array (
      'base' => 
      array (
        'percentage_rate' => 0,
        'fixed_rate' => 80,
        'currency' => 'usd',
      ),
      'additional' => 
      array (
        'percentage_rate' => 0.015,
        'fixed_rate' => 0,
        'currency' => 'usd',
      ),
      'fx' => 
      array (
        'percentage_rate' => 0.01,
        'fixed_rate' => 0,
        'currency' => 'usd',
      ),
      'discount' => 
      array (
      ),
    ),
    'giropay' => 
    array (
      'base' => 
      array (
        'percentage_rate' => 0.014,
        'fixed_rate' => 30,
        'currency' => 'usd',
      ),
      'additional' => 
      array (
        'percentage_rate' => 0.015,
        'fixed_rate' => 0,
        'currency' => 'usd',
      ),
      'fx' => 
      array (
        'percentage_rate' => 0.01,
        'fixed_rate' => 0,
        'currency' => 'usd',
      ),
      'discount' => 
      array (
      ),
    ),
    'p24' => 
    array (
      'base' => 
      array (
        'percentage_rate' => 0.022,
        'fixed_rate' => 30,
        'currency' => 'usd',
      ),
      'additional' => 
      array (
        'percentage_rate' => 0.015,
        'fixed_rate' => 0,
        'currency' => 'usd',
      ),
      'fx' => 
      array (
        'percentage_rate' => 0.01,
        'fixed_rate' => 0,
        'currency' => 'usd',
      ),
      'discount' => 
      array (
      ),
    ),
    'sofort' => 
    array (
      'base' => 
      array (
        'percentage_rate' => 0.014,
        'fixed_rate' => 30,
        'currency' => 'usd',
      ),
      'additional' => 
      array (
        'percentage_rate' => 0.015,
        'fixed_rate' => 0,
        'currency' => 'usd',
      ),
      'fx' => 
      array (
        'percentage_rate' => 0.01,
        'fixed_rate' => 0,
        'currency' => 'usd',
      ),
      'discount' => 
      array (
      ),
    ),
    'sepa_debit' => 
    array (
      'base' => 
      array (
        'percentage_rate' => 0.008,
        'fixed_rate' => 30,
        'currency' => 'usd',
        'fee_cap' => 600,
      ),
      'additional' => 
      array (
        'percentage_rate' => 0.015,
        'fixed_rate' => 0,
        'currency' => 'usd',
      ),
      'fx' => 
      array (
        'percentage_rate' => 0.01,
        'fixed_rate' => 0,
        'currency' => 'usd',
      ),
      'discount' => 
      array (
      ),
    ),
  ),
  'capital' => 
  array (
    'has_active_loan' => false,
    'has_previous_loans' => false,
    'loans' => 
    array (
    ),
  ),
  'fraud_services' => 
  array (
    'stripe' => 
    array (
    ),
    'sift' => 
    array (
      'beacon_key' => 'affbdadb36',
      'sandbox_beacon_key' => '6ad0ad748b',
    ),
  ),
  'store_currencies' => 
  array (
    'default' => 'usd',
    'supported' => 
    array (
      0 => 'usd',
    ),
  ),
  'customer_currencies' => 
  array (
    'supported' => 
    array (
      0 => 'usd',
      1 => 'aed',
      2 => 'afn',
      3 => 'all',
      4 => 'amd',
      5 => 'ang',
      6 => 'aoa',
      7 => 'ars',
      8 => 'aud',
      9 => 'awg',
      10 => 'azn',
      11 => 'bam',
      12 => 'bbd',
      13 => 'bdt',
      14 => 'bgn',
      15 => 'bif',
      16 => 'bmd',
      17 => 'bnd',
      18 => 'bob',
      19 => 'brl',
      20 => 'bsd',
      21 => 'bwp',
      22 => 'byn',
      23 => 'bzd',
      24 => 'cad',
      25 => 'cdf',
      26 => 'chf',
      27 => 'clp',
      28 => 'cny',
      29 => 'cop',
      30 => 'crc',
      31 => 'cve',
      32 => 'czk',
      33 => 'djf',
      34 => 'dkk',
      35 => 'dop',
      36 => 'dzd',
      37 => 'egp',
      38 => 'etb',
      39 => 'eur',
      40 => 'fjd',
      41 => 'fkp',
      42 => 'gbp',
      43 => 'gel',
      44 => 'gip',
      45 => 'gmd',
      46 => 'gnf',
      47 => 'gtq',
      48 => 'gyd',
      49 => 'hkd',
      50 => 'hnl',
      51 => 'hrk',
      52 => 'htg',
      53 => 'huf',
      54 => 'idr',
      55 => 'ils',
      56 => 'inr',
      57 => 'isk',
      58 => 'jmd',
      59 => 'jpy',
      60 => 'kes',
      61 => 'kgs',
      62 => 'khr',
      63 => 'kmf',
      64 => 'krw',
      65 => 'kyd',
      66 => 'kzt',
      67 => 'lak',
      68 => 'lbp',
      69 => 'lkr',
      70 => 'lrd',
      71 => 'lsl',
      72 => 'mad',
      73 => 'mdl',
      74 => 'mga',
      75 => 'mkd',
      76 => 'mmk',
      77 => 'mnt',
      78 => 'mop',
      79 => 'mro',
      80 => 'mur',
      81 => 'mvr',
      82 => 'mwk',
      83 => 'mxn',
      84 => 'myr',
      85 => 'mzn',
      86 => 'nad',
      87 => 'ngn',
      88 => 'nio',
      89 => 'nok',
      90 => 'npr',
      91 => 'nzd',
      92 => 'pab',
      93 => 'pen',
      94 => 'pgk',
      95 => 'php',
      96 => 'pkr',
      97 => 'pln',
      98 => 'pyg',
      99 => 'qar',
      100 => 'ron',
      101 => 'rsd',
      102 => 'rub',
      103 => 'rwf',
      104 => 'sar',
      105 => 'sbd',
      106 => 'scr',
      107 => 'sek',
      108 => 'sgd',
      109 => 'shp',
      110 => 'sll',
      111 => 'sos',
      112 => 'srd',
      113 => 'std',
      114 => 'szl',
      115 => 'thb',
      116 => 'tjs',
      117 => 'top',
      118 => 'try',
      119 => 'ttd',
      120 => 'twd',
      121 => 'tzs',
      122 => 'uah',
      123 => 'ugx',
      124 => 'uyu',
      125 => 'uzs',
      126 => 'vnd',
      127 => 'vuv',
      128 => 'wst',
      129 => 'xaf',
      130 => 'xcd',
      131 => 'xof',
      132 => 'xpf',
      133 => 'yer',
      134 => 'zar',
      135 => 'zmw',
    ),
  ),
  'country' => '(redacted)',
  'instant_deposits_eligible' => false,
  'card_present_eligible' => true,
  'business_profile' => 
  array (
    'name' => '(redacted)',
    'url' => 'https://store.blackbear.io',
    'support_address' => 
    array (
    ),
    'support_email' => NULL,
    'support_phone' => NULL,
  ),
  'branding' => 
  array (
    'icon' => NULL,
    'logo' => NULL,
    'primary_color' => NULL,
    'secondary_color' => NULL,
  ),
  'has_more_failed_events' => false,
)
